
-----------------------------------------------------------------
  pg_upgrade run on Fri Jan  2 01:44:21 2015
-----------------------------------------------------------------

check for "/usr/local/Cellar/postgresql/9.2.4/bin" failed: No such file or directory


-----------------------------------------------------------------
  pg_upgrade run on Fri Jan  2 01:46:02 2015
-----------------------------------------------------------------

check for "/usr/local/Cellar/postgresql/9.2.4/bin" failed: No such file or directory


-----------------------------------------------------------------
  pg_upgrade run on Fri Jan  2 01:46:29 2015
-----------------------------------------------------------------

check for "/usr/local/Cellar/postgresql/9.2.4/bin" failed: No such file or directory

Running in verbose mode

-----------------------------------------------------------------
  pg_upgrade run on Fri Jan  2 01:47:51 2015
-----------------------------------------------------------------

You must identify the directory where the old cluster binaries reside.
Please use the -b command-line option or the PGBINOLD environment variable.

-----------------------------------------------------------------
  pg_upgrade run on Fri Jan  2 01:49:02 2015
-----------------------------------------------------------------

You must identify the directory where the old cluster binaries reside.
Please use the -b command-line option or the PGBINOLD environment variable.
